<?xml version="1.0" encoding="UTF-8"?>
<robot generator="Robot 4.1.3 (Python 3.10.2 on win32)" generated="20220119 17:58:19.966" rpa="false" schemaversion="2">
<suite id="s1" name="Venda-Pdv" source="E:\robot-sikuli-bug-backery-main\robot-sikuli-bug-backery-main\tests\venda-pdv.robot">
<kw name="Inicia Sessão" library="base" type="SETUP">
<kw name="Carrega os Elementos do App" library="base">
<kw name="Add Image Path" library="SikuliLibrary">
<arg>${EXECDIR}\\resources\\elements</arg>
<doc>Add image path</doc>
<status status="PASS" starttime="20220119 17:59:00.390" endtime="20220119 17:59:00.410"/>
</kw>
<status status="PASS" starttime="20220119 17:59:00.390" endtime="20220119 17:59:00.410"/>
</kw>
<kw name="Click" library="SikuliLibrary">
<arg>icone-app.png</arg>
<doc>Click</doc>
<msg timestamp="20220119 17:59:03.481" level="INFO" html="true">&lt;img src='sikuli_captured/sikuliximage-1642625942780.png'/&gt;
[log] CLICK on L[663,748]@S(0) (537 msec)</msg>
<status status="PASS" starttime="20220119 17:59:00.410" endtime="20220119 17:59:03.481"/>
</kw>
<status status="PASS" starttime="20220119 17:59:00.390" endtime="20220119 17:59:03.482"/>
</kw>
<test id="s1-t1" name="Vender o melhor combo">
<kw name="Abrir PDV" library="pdv">
<kw name="Click" library="SikuliLibrary">
<arg>menu-vendas.png</arg>
<doc>Click</doc>
<msg timestamp="20220119 17:59:04.656" level="INFO" html="true">&lt;img src='sikuli_captured/sikuliximage-1642625943987.png'/&gt;
[log] CLICK on L[169,35]@S(0) (546 msec)</msg>
<status status="PASS" starttime="20220119 17:59:03.483" endtime="20220119 17:59:04.656"/>
</kw>
<status status="PASS" starttime="20220119 17:59:03.482" endtime="20220119 17:59:04.657"/>
</kw>
<kw name="Selecionar o Funcionario" library="pdv">
<arg>func-fernando</arg>
<kw name="Press Special Key" library="SikuliLibrary">
<arg>F1</arg>
<doc>Press special key
 Presses a special keyboard key.</doc>
<msg timestamp="20220119 17:59:04.749" level="INFO">[log]  TYPE "#F1."</msg>
<status status="PASS" starttime="20220119 17:59:04.657" endtime="20220119 17:59:04.749"/>
</kw>
<kw name="Double Click" library="SikuliLibrary">
<arg>${funcionario}.png</arg>
<doc>Double click</doc>
<msg timestamp="20220119 17:59:08.030" level="INFO" html="true">&lt;img src='sikuli_captured/sikuliximage-1642625947282.png'/&gt;
[log] DOUBLE CLICK on L[614,312]@S(0) (596 msec)</msg>
<status status="PASS" starttime="20220119 17:59:04.750" endtime="20220119 17:59:08.030"/>
</kw>
<status status="PASS" starttime="20220119 17:59:04.657" endtime="20220119 17:59:08.031"/>
</kw>
<kw name="Adicionar um Item" library="pdv">
<arg>produto-coxinha</arg>
<arg>1</arg>
<kw name="Press Special Key" library="SikuliLibrary">
<arg>F3</arg>
<doc>Press special key
 Presses a special keyboard key.</doc>
<msg timestamp="20220119 17:59:08.108" level="INFO">[log]  TYPE "#F3."</msg>
<status status="PASS" starttime="20220119 17:59:08.032" endtime="20220119 17:59:08.108"/>
</kw>
<kw name="Double Click" library="SikuliLibrary">
<arg>${produto}.png</arg>
<doc>Double click</doc>
<msg timestamp="20220119 17:59:09.603" level="INFO" html="true">&lt;img src='sikuli_captured/sikuliximage-1642625948715.png'/&gt;
[log] DOUBLE CLICK on L[620,376]@S(0) (603 msec)</msg>
<status status="PASS" starttime="20220119 17:59:08.108" endtime="20220119 17:59:09.603"/>
</kw>
<kw name="Input Text" library="SikuliLibrary">
<arg>campo-quantidade.png</arg>
<arg>${quantidade}</arg>
<doc>Input text.
 Image could be empty</doc>
<msg timestamp="20220119 17:59:10.817" level="INFO">Input Text:
1</msg>
<msg timestamp="20220119 17:59:10.817" level="INFO" html="true">&lt;img src='sikuli_captured/sikuliximage-1642625949816.png'/&gt;
[log] CLICK on L[472,205]@S(0) (545 msec)
[log]  TYPE "1"</msg>
<status status="PASS" starttime="20220119 17:59:09.603" endtime="20220119 17:59:10.818"/>
</kw>
<kw name="Press Special Key" library="SikuliLibrary">
<arg>ENTER</arg>
<doc>Press special key
 Presses a special keyboard key.</doc>
<msg timestamp="20220119 17:59:10.908" level="INFO">[log]  TYPE "#ENTER."</msg>
<status status="PASS" starttime="20220119 17:59:10.819" endtime="20220119 17:59:10.909"/>
</kw>
<status status="PASS" starttime="20220119 17:59:08.031" endtime="20220119 17:59:10.909"/>
</kw>
<kw name="Adicionar um Item" library="pdv">
<arg>produto-cocacola</arg>
<arg>1</arg>
<kw name="Press Special Key" library="SikuliLibrary">
<arg>F3</arg>
<doc>Press special key
 Presses a special keyboard key.</doc>
<msg timestamp="20220119 17:59:10.985" level="INFO">[log]  TYPE "#F3."</msg>
<status status="PASS" starttime="20220119 17:59:10.911" endtime="20220119 17:59:10.985"/>
</kw>
<kw name="Double Click" library="SikuliLibrary">
<arg>${produto}.png</arg>
<doc>Double click</doc>
<msg timestamp="20220119 17:59:12.403" level="INFO" html="true">&lt;img src='sikuli_captured/sikuliximage-1642625951542.png'/&gt;
[log] DOUBLE CLICK on L[622,353]@S(0) (601 msec)</msg>
<status status="PASS" starttime="20220119 17:59:10.985" endtime="20220119 17:59:12.403"/>
</kw>
<kw name="Input Text" library="SikuliLibrary">
<arg>campo-quantidade.png</arg>
<arg>${quantidade}</arg>
<doc>Input text.
 Image could be empty</doc>
<msg timestamp="20220119 17:59:13.487" level="INFO">Input Text:
1</msg>
<msg timestamp="20220119 17:59:13.487" level="INFO" html="true">&lt;img src='sikuli_captured/sikuliximage-1642625952633.png'/&gt;
[log] CLICK on L[472,205]@S(0) (538 msec)
[log]  TYPE "1"</msg>
<status status="PASS" starttime="20220119 17:59:12.404" endtime="20220119 17:59:13.487"/>
</kw>
<kw name="Press Special Key" library="SikuliLibrary">
<arg>ENTER</arg>
<doc>Press special key
 Presses a special keyboard key.</doc>
<msg timestamp="20220119 17:59:13.566" level="INFO">[log]  TYPE "#ENTER."</msg>
<status status="PASS" starttime="20220119 17:59:13.487" endtime="20220119 17:59:13.567"/>
</kw>
<status status="PASS" starttime="20220119 17:59:10.910" endtime="20220119 17:59:13.568"/>
</kw>
<kw name="Finalizar a Venda" library="pdv">
<kw name="Press Special Key" library="SikuliLibrary">
<arg>F6</arg>
<doc>Press special key
 Presses a special keyboard key.</doc>
<msg timestamp="20220119 17:59:13.656" level="INFO">[log]  TYPE "#F6."</msg>
<status status="PASS" starttime="20220119 17:59:13.572" endtime="20220119 17:59:13.656"/>
</kw>
<status status="PASS" starttime="20220119 17:59:13.570" endtime="20220119 17:59:13.656"/>
</kw>
<kw name="Deve fechar o pedido com sucesso" library="pdv">
<kw name="Exists" library="SikuliLibrary">
<arg>msgbox-pedido-sucesso.png</arg>
<doc>Exists</doc>
<status status="PASS" starttime="20220119 17:59:13.658" endtime="20220119 17:59:14.148"/>
</kw>
<status status="PASS" starttime="20220119 17:59:13.657" endtime="20220119 17:59:14.149"/>
</kw>
<kw name="Finaliza Teste" library="base" type="TEARDOWN">
<kw name="Capture Screen" library="SikuliLibrary">
<doc>Capture whole screen, file name is returned</doc>
<msg timestamp="20220119 17:59:15.148" level="INFO" html="true">&lt;img src='sikuli_captured/sikuliximage-1642625954197.png'/&gt;</msg>
<status status="PASS" starttime="20220119 17:59:14.150" endtime="20220119 17:59:15.148"/>
</kw>
<kw name="Close Application" library="SikuliLibrary">
<arg>BugBakery</arg>
<doc>Close application</doc>
<status status="PASS" starttime="20220119 17:59:15.149" endtime="20220119 17:59:17.559"/>
</kw>
<status status="PASS" starttime="20220119 17:59:14.150" endtime="20220119 17:59:17.559"/>
</kw>
<status status="PASS" starttime="20220119 17:59:03.482" endtime="20220119 17:59:17.560"/>
</test>
<kw name="Encerrar Sessão" library="base" type="TEARDOWN">
<kw name="Stop Remote Server" library="SikuliLibrary">
<doc>Stops the remote server.</doc>
<msg timestamp="20220119 17:59:17.570" level="INFO">Robot Framework remote server stopping</msg>
<status status="PASS" starttime="20220119 17:59:17.562" endtime="20220119 17:59:17.570"/>
</kw>
<status status="PASS" starttime="20220119 17:59:17.562" endtime="20220119 17:59:17.570"/>
</kw>
<doc>Suite de teste de venda no PDV</doc>
<status status="PASS" starttime="20220119 17:58:19.972" endtime="20220119 17:59:17.570"/>
</suite>
<statistics>
<total>
<stat pass="1" fail="0" skip="0">All Tests</stat>
</total>
<tag>
</tag>
<suite>
<stat pass="1" fail="0" skip="0" id="s1" name="Venda-Pdv">Venda-Pdv</stat>
</suite>
</statistics>
<errors>
</errors>
</robot>
